Using pre-set license
Built from '2022.3/china_unity/release' branch; Version is '2022.3.22f1c1 (c3cbd310e76e) revision 12831699'; Using compiler version '192829333'; Build Type 'Release'
OS: 'Windows 11  (10.0.22631) 64bit CoreCountrySpecific' Language: 'zh' Physical Memory: 16064 MB
BatchMode: 1, IsHumanControllingUs: 0, StartBugReporterOnCrash: 0, Is64bit: 1, IsPro: 1

COMMAND LINE ARGUMENTS:
D:\Unity Edit\2022.3.22f1c1\Editor\Unity.exe
-adb2
-batchMode
-noUpm
-name
AssetImportWorker1
-projectPath
D:/桌面/kaituo/COREBALAZER2025_Space
-logFile
Logs/AssetImportWorker1.log
-srvPort
8602
Successfully changed project path to: D:/桌面/kaituo/COREBALAZER2025_Space
D:/桌面/kaituo/COREBALAZER2025_Space
[UnityMemory] Configuration Parameters - Can be set up in boot.config
    "memorysetup-bucket-allocator-granularity=16"
    "memorysetup-bucket-allocator-bucket-count=8"
    "memorysetup-bucket-allocator-block-size=33554432"
    "memorysetup-bucket-allocator-block-count=8"
    "memorysetup-main-allocator-block-size=16777216"
    "memorysetup-thread-allocator-block-size=16777216"
    "memorysetup-gfx-main-allocator-block-size=16777216"
    "memorysetup-gfx-thread-allocator-block-size=16777216"
    "memorysetup-cache-allocator-block-size=4194304"
    "memorysetup-typetree-allocator-block-size=2097152"
    "memorysetup-profiler-bucket-allocator-granularity=16"
    "memorysetup-profiler-bucket-allocator-bucket-count=8"
    "memorysetup-profiler-bucket-allocator-block-size=33554432"
    "memorysetup-profiler-bucket-allocator-block-count=8"
    "memorysetup-profiler-allocator-block-size=16777216"
    "memorysetup-profiler-editor-allocator-block-size=1048576"
    "memorysetup-temp-allocator-size-main=16777216"
    "memorysetup-job-temp-allocator-block-size=2097152"
    "memorysetup-job-temp-allocator-block-size-background=1048576"
    "memorysetup-job-temp-allocator-reduction-small-platforms=262144"
    "memorysetup-allocator-temp-initial-block-size-main=262144"
    "memorysetup-allocator-temp-initial-block-size-worker=262144"
    "memorysetup-temp-allocator-size-background-worker=32768"
    "memorysetup-temp-allocator-size-job-worker=262144"
    "memorysetup-temp-allocator-size-preload-manager=33554432"
    "memorysetup-temp-allocator-size-nav-mesh-worker=65536"
    "memorysetup-temp-allocator-size-audio-worker=65536"
    "memorysetup-temp-allocator-size-cloud-worker=32768"
    "memorysetup-temp-allocator-size-gi-baking-worker=262144"
    "memorysetup-temp-allocator-size-gfx=262144"
Player connection [26460] Host "[IP] 10.45.3.242 [Port] 0 [Flags] 2 [Guid] 1533553222 [EditorId] 1533553222 [Version] 1048832 [Id] WindowsEditor(7,LAPTOP-NU8RIK1R) [Debug] 1 [PackageName] WindowsEditor [ProjectName] Editor" joined multi-casting on [225.0.0.222:54997]...

Player connection [26460] Host "[IP] 10.45.3.242 [Port] 0 [Flags] 2 [Guid] 1533553222 [EditorId] 1533553222 [Version] 1048832 [Id] WindowsEditor(7,LAPTOP-NU8RIK1R) [Debug] 1 [PackageName] WindowsEditor [ProjectName] Editor" joined alternative multi-casting on [225.0.0.222:34997]...

[Physics::Module] Initialized MultithreadedJobDispatcher with 31 workers.
Refreshing native plugins compatible for Editor in 47.73 ms, found 2 plugins.
Preloading 0 native plugins for Editor in 0.00 ms.
Initialize engine version: 2022.3.22f1c1 (c3cbd310e76e)
[Subsystems] Discovering subsystems at path D:/Unity Edit/2022.3.22f1c1/Editor/Data/Resources/UnitySubsystems
[Subsystems] Discovering subsystems at path D:/桌面/kaituo/COREBALAZER2025_Space/Assets
GfxDevice: creating device client; threaded=0; jobified=0
Direct3D:
    Version:  Direct3D 11.0 [level 11.1]
    Renderer: NVIDIA GeForce RTX 4060 Laptop GPU (ID=0x28e0)
    Vendor:   NVIDIA
    VRAM:     7957 MB
    Driver:   32.0.15.6094
Initialize mono
Mono path[0] = 'D:/Unity Edit/2022.3.22f1c1/Editor/Data/Managed'
Mono path[1] = 'D:/Unity Edit/2022.3.22f1c1/Editor/Data/MonoBleedingEdge/lib/mono/unityjit-win32'
Mono config path = 'D:/Unity Edit/2022.3.22f1c1/Editor/Data/MonoBleedingEdge/etc'
Using monoOptions --debugger-agent=transport=dt_socket,embedding=1,server=y,suspend=n,address=127.0.0.1:56672
Begin MonoManager ReloadAssembly
Registering precompiled unity dll's ...
Register platform support module: D:/Unity Edit/2022.3.22f1c1/Editor/Data/PlaybackEngines/WindowsStandaloneSupport/UnityEditor.WindowsStandalone.Extensions.dll
Registered in 0.006543 seconds.
- Loaded All Assemblies, in  0.262 seconds
Native extension for WindowsStandalone target not found
Mono: successfully reloaded assembly
- Finished resetting the current domain, in  0.188 seconds
Domain Reload Profiling: 445ms
	BeginReloadAssembly (92ms)
		ExecutionOrderSort (0ms)
		DisableScriptedObjects (0ms)
		BackupInstance (0ms)
		ReleaseScriptingObjects (0ms)
		CreateAndSetChildDomain (0ms)
	RebuildCommonClasses (23ms)
	RebuildNativeTypeToScriptingClass (7ms)
	initialDomainReloadingComplete (47ms)
	LoadAllAssembliesAndSetupDomain (87ms)
		LoadAssemblies (87ms)
		RebuildTransferFunctionScriptingTraits (0ms)
		AnalyzeDomain (85ms)
			TypeCache.Refresh (84ms)
				TypeCache.ScanAssembly (75ms)
			ScanForSourceGeneratedMonoScriptInfo (0ms)
			ResolveRequiredComponents (0ms)
	FinalizeReload (189ms)
		ReleaseScriptCaches (0ms)
		RebuildScriptCaches (0ms)
		SetupLoadedEditorAssemblies (150ms)
			LogAssemblyErrors (0ms)
			InitializePlatformSupportModulesInManaged (6ms)
			SetLoadedEditorAssemblies (5ms)
			RefreshPlugins (0ms)
			BeforeProcessingInitializeOnLoad (2ms)
			ProcessInitializeOnLoadAttributes (103ms)
			ProcessInitializeOnLoadMethodAttributes (35ms)
			AfterProcessingInitializeOnLoad (0ms)
			EditorAssembliesLoaded (0ms)
		ExecutionOrderSort2 (0ms)
		AwakeInstancesAfterBackupRestoration (0ms)
========================================================================
Worker process is ready to serve import requests
Begin MonoManager ReloadAssembly
Symbol file LoadedFromMemory is not a mono symbol file
- Loaded All Assemblies, in  0.849 seconds
Refreshing native plugins compatible for Editor in 19.32 ms, found 2 plugins.
Native extension for WindowsStandalone target not found
Package Manager log level set to [2]
[Package Manager] Server::EnsureServerProcessIsRunning -- launch failed, reason: Unity was launched with the -noUpm command-line argument
[Package Manager] UpmClient::Send -- Unable to send message (not connected to UPM process).
[Package Manager] Cannot connect to Unity Package Manager local server
Launched and connected shader compiler UnityShaderCompiler.exe after 0.05 seconds
Mono: successfully reloaded assembly
- Finished resetting the current domain, in  1.049 seconds
Domain Reload Profiling: 1887ms
	BeginReloadAssembly (191ms)
		ExecutionOrderSort (0ms)
		DisableScriptedObjects (4ms)
		BackupInstance (0ms)
		ReleaseScriptingObjects (0ms)
		CreateAndSetChildDomain (21ms)
	RebuildCommonClasses (27ms)
	RebuildNativeTypeToScriptingClass (8ms)
	initialDomainReloadingComplete (54ms)
	LoadAllAssembliesAndSetupDomain (557ms)
		LoadAssemblies (566ms)
		RebuildTransferFunctionScriptingTraits (0ms)
		AnalyzeDomain (130ms)
			TypeCache.Refresh (105ms)
				TypeCache.ScanAssembly (92ms)
			ScanForSourceGeneratedMonoScriptInfo (17ms)
			ResolveRequiredComponents (7ms)
	FinalizeReload (1050ms)
		ReleaseScriptCaches (0ms)
		RebuildScriptCaches (0ms)
		SetupLoadedEditorAssemblies (941ms)
			LogAssemblyErrors (0ms)
			InitializePlatformSupportModulesInManaged (4ms)
			SetLoadedEditorAssemblies (4ms)
			RefreshPlugins (0ms)
			BeforeProcessingInitializeOnLoad (76ms)
			ProcessInitializeOnLoadAttributes (595ms)
			ProcessInitializeOnLoadMethodAttributes (249ms)
			AfterProcessingInitializeOnLoad (11ms)
			EditorAssembliesLoaded (0ms)
		ExecutionOrderSort2 (0ms)
		AwakeInstancesAfterBackupRestoration (7ms)
Refreshing native plugins compatible for Editor in 18.83 ms, found 2 plugins.
Preloading 0 native plugins for Editor in 0.00 ms.
Unloading 4865 Unused Serialized files (Serialized files now loaded: 0)
Unloading 126 unused Assets / (73.1 KB). Loaded Objects now: 5372.
Memory consumption went from 183.4 MB to 183.3 MB.
Total: 13.064700 ms (FindLiveObjects: 0.292800 ms CreateObjectMapping: 0.102700 ms MarkObjects: 12.508100 ms  DeleteObjects: 0.160300 ms)

AssetImportParameters requested are different than current active one (requested -> active):
  custom:scripting/monoscript/fileName/ChoiceDialogueNode.cs: f52b766c144dbe407ca72a77e9c1632c -> 5b7fcda2ac6abd07f60bac96d1d23cd1
  custom:scripting/monoscript/fileName/ClueSystem.cs: 5a242e43fdad44e0915b95230271e9e1 -> deac4252b21f0bfc61d34f604f793581
  custom:container-demuxer-ogg: 62fdf1f143b41e24485cea50d1cbac27 -> 
  custom:scripting/monoscript/fileName/GameManager.cs: f6182d712e34e20e3202214886862cdb -> 9933fbcc6190e2a9171c2ec8808a053e
  custom:scripting/monoscript/fileName/NarrationCharacter.cs: 745a66587baecbc52198b46e8a5c36df -> a7591c297e6996d23f4c1242cde7a84a
  custom:video-codec-MediaFoundation-h265: 746d11721c4dcdbdad8f713fa42b33f4 -> 
  custom:scripting/monoscript/fileName/AudioManager.cs: bdd35b94412b1b96e33eed1d1d4562eb -> f5e416fd210f0e3b7204d6967aa91cec
  custom:scripting/monoscript/fileName/PlayerControl.cs: 35767442306776b55d0a8dc1f2ece5de -> 37be6770d409a56d763acbca35b2111e
  custom:video-decoder-ogg-theora: a1e56fd34408186e4bbccfd4996cb3dc -> 
  custom:framework-win-MediaFoundation: 216162199b28c13a410421893ffa2e32 -> 
  custom:scripting/monoscript/fileName/AddItem.cs: 5ae8cfa916316992cb54da4755aec870 -> 3eb0fb799b54151be2f75972e7e01e74
  custom:scripting/monoscript/fileName/Clue.cs: 3a502f2c8b86d059d6dc739bddf70bf4 -> 20548cc329e8b89c737a7dd76b57b8b8
  custom:scripting/monoscript/fileName/ClueEntry.cs: e7ebc5e0ce959a4f71bf65749afffa75 -> b2260e535a9955f0bea4455e315084fc
  custom:scripting/monoscript/fileName/BackpackSystem.cs: 4ae23a00372031e783adf5139ef1e751 -> 12cb92cd411b1c0edbe650f6d5209ca2
  custom:CustomObjectIndexerAttribute: 9a22284fe3817be447336de3de66b15e -> 
  custom:scripting/monoscript/fileName/DialogueInstigator.cs: 5e672cce5f5e5bdf9addcb52d04049cb -> a4e58817bb92d0099ad25ad1d5c8e151
  custom:container-demuxer-webm: 4f35f7cbe854078d1ac9338744f61a02 -> 
  custom:scripting/monoscript/fileName/RoomExit.cs: 44d4dab3b05ba66a29ff4587075c7db3 -> 8c452d2c4414a0f8cd7d88300cf3cc3d
  custom:scripting/monoscript/fileName/DialogueDataLoader.cs: 6a8f130c60cfb942000ad777f2897dd0 -> dccfb8b928804cec1f6591da707fb6a2
  custom:scripting/monoscript/fileName/CameraFollow.cs: ee50d67022e2e302b44cc5a64ba5c94e -> 5839d40085b81baf60816e02f57e0b62
  custom:container-muxer-webm: aa71ff27fc2769a1b78a27578f13a17b -> 
  custom:video-decoder-webm-vp8: 9c59270c3fd7afecdb556c50c9e8de78 -> 
  custom:SearchIndexIgnoredProperties: e643bd26f0fe6173181afceb89e7c659 -> 
  custom:AudioImporter_EditorPlatform: d09bf68614088b80899f8185d706f6e7 -> 
  custom:scripting/monoscript/fileName/DialogueSequencer.cs: 75ea42d26ae57a7bb818110942f1e82f -> 26a556796a2b97247767d61b77feffc3
  custom:scripting/monoscript/fileName/DialoguePanel.cs: 30416c91552fbd3410d387ae138dca78 -> bd6ed7a8f06bc6d15711f35438175637
  custom:scripting/monoscript/fileName/ClueData.cs: 702ae07969de8b256cfc27ee902bdf88 -> 6db020c033be7051ac9ccc8b9997fe0b
  custom:scripting/monoscript/fileName/DialogueSO.cs: 61cbba191a705105d8488fc974f89ef2 -> da567a244bc0d9fb8a7160c59f2cd23e
  custom:scripting/monoscript/fileName/DialogueNodeVisitor.cs: e36f88d79fd528a81dae676308ed207e -> c66e25ae2b9ac308df856a181c3d9167
  custom:scripting/monoscript/fileName/BasicDialogueNode.cs: d59ef4e4c8be30c85cf9958be1828cea -> 87ba04ccd7ad864fb1210d16608c5282
  custom:scripting/monoscript/fileName/GameUI.cs: d3e6a1e0d746034d2af2128f2bca19ba -> 6032e6b03b34488d04d3c6d78cf1ab05
  custom:scripting/monoscript/fileName/ItemButton.cs: 95b9784eb36dbec91cd1a814f47fdd6a -> e177cf93698ae741922ddb3c70c02497
  custom:video-encoder-webm-vp8: eb34c28f22e8b96e1ab97ce403110664 -> 
  custom:audio-decoder-ogg-vorbis: bf7c407c2cedff20999df2af8eb42d56 -> 
  custom:scripting/monoscript/fileName/MenuManager.cs: d0956aa00254e4ec1793b578a7f93b90 -> b2f6d629ac060edd8a279cb11b0e4cab
  custom:scripting/monoscript/fileName/AudioSettingBoard.cs: 8f613758216a1c9b7c936f160a68aed7 -> c3d9a87dc83790ffa08396385cafd3c3
  custom:scripting/monoscript/fileName/RemoveItem.cs: 305fddd0964565bd73d7f549feea29ad -> ee3e5a893b7910005a3bfc0729e4e05b
  custom:scripting/monoscript/fileName/ChangeConversation.cs: 2e9ce1fcd4d8234f47550f2c020e8015 -> c77ccf1cd92c2f4611561d81f6d9e57e
  custom:scripting/monoscript/fileName/Item.cs: 2e90e099e77020053d8d2435d2d908aa -> 3bce3e856d3205f549be91bcd9f426e6
  custom:scripting/monoscript/fileName/ItemSystem.cs: b87576413756e02f88601800c379f6b9 -> 38aeda1649a45b98f537d63ea9e09971
  custom:scripting/monoscript/fileName/ClueDetailPanel.cs: b259dbe8fea1a7b8382862b228c91677 -> eeb13d492b17a0844640d0dfddcff41d
  custom:scripting/monoscript/fileName/DialogueNode.cs: ba7e3875afd6d41a07cd0b3a39cd87e6 -> 07654e19dda6305f0aa6e9163dc030cf
  custom:audio-encoder-webm-vorbis: bf7c407c2cedff20999df2af8eb42d56 -> 
  custom:scripting/monoscript/fileName/test.cs: c9e3545cc27925df4578332d9df9bfc8 -> a53d5ee4e4f57c2de4a0fd15b1d3f987
========================================================================
Received Prepare
Begin MonoManager ReloadAssembly
Symbol file LoadedFromMemory is not a mono symbol file
- Loaded All Assemblies, in  0.518 seconds
Refreshing native plugins compatible for Editor in 24.55 ms, found 2 plugins.
Native extension for WindowsStandalone target not found
[Package Manager] Server::EnsureServerProcessIsRunning -- launch failed, reason: Unity was launched with the -noUpm command-line argument
[Package Manager] UpmClient::Send -- Unable to send message (not connected to UPM process).
[Package Manager] Cannot connect to Unity Package Manager local server
Mono: successfully reloaded assembly
- Finished resetting the current domain, in  1.311 seconds
Domain Reload Profiling: 1818ms
	BeginReloadAssembly (162ms)
		ExecutionOrderSort (0ms)
		DisableScriptedObjects (5ms)
		BackupInstance (0ms)
		ReleaseScriptingObjects (0ms)
		CreateAndSetChildDomain (45ms)
	RebuildCommonClasses (19ms)
	RebuildNativeTypeToScriptingClass (7ms)
	initialDomainReloadingComplete (35ms)
	LoadAllAssembliesAndSetupDomain (283ms)
		LoadAssemblies (336ms)
		RebuildTransferFunctionScriptingTraits (0ms)
		AnalyzeDomain (27ms)
			TypeCache.Refresh (12ms)
				TypeCache.ScanAssembly (3ms)
			ScanForSourceGeneratedMonoScriptInfo (6ms)
			ResolveRequiredComponents (7ms)
	FinalizeReload (1312ms)
		ReleaseScriptCaches (0ms)
		RebuildScriptCaches (0ms)
		SetupLoadedEditorAssemblies (713ms)
			LogAssemblyErrors (0ms)
			InitializePlatformSupportModulesInManaged (4ms)
			SetLoadedEditorAssemblies (3ms)
			RefreshPlugins (0ms)
			BeforeProcessingInitializeOnLoad (74ms)
			ProcessInitializeOnLoadAttributes (477ms)
			ProcessInitializeOnLoadMethodAttributes (145ms)
			AfterProcessingInitializeOnLoad (10ms)
			EditorAssembliesLoaded (0ms)
		ExecutionOrderSort2 (0ms)
		AwakeInstancesAfterBackupRestoration (9ms)
Refreshing native plugins compatible for Editor in 19.57 ms, found 2 plugins.
Preloading 0 native plugins for Editor in 0.00 ms.
Unloading 4821 Unused Serialized files (Serialized files now loaded: 0)
Unloading 69 unused Assets / (46.0 KB). Loaded Objects now: 5375.
Memory consumption went from 179.7 MB to 179.6 MB.
Total: 12.759500 ms (FindLiveObjects: 0.320600 ms CreateObjectMapping: 0.072300 ms MarkObjects: 12.286600 ms  DeleteObjects: 0.079400 ms)

Prepare: number of updated asset objects reloaded= 0
AssetImportParameters requested are different than current active one (requested -> active):
  custom:scripting/monoscript/fileName/ChoiceDialogueNode.cs: f52b766c144dbe407ca72a77e9c1632c -> 5b7fcda2ac6abd07f60bac96d1d23cd1
  custom:scripting/monoscript/fileName/ClueSystem.cs: 5a242e43fdad44e0915b95230271e9e1 -> deac4252b21f0bfc61d34f604f793581
  custom:container-demuxer-ogg: 62fdf1f143b41e24485cea50d1cbac27 -> 
  custom:scripting/monoscript/fileName/GameManager.cs: f6182d712e34e20e3202214886862cdb -> 9933fbcc6190e2a9171c2ec8808a053e
  custom:scripting/monoscript/fileName/NarrationCharacter.cs: 745a66587baecbc52198b46e8a5c36df -> a7591c297e6996d23f4c1242cde7a84a
  custom:video-codec-MediaFoundation-h265: 746d11721c4dcdbdad8f713fa42b33f4 -> 
  custom:scripting/monoscript/fileName/AudioManager.cs: bdd35b94412b1b96e33eed1d1d4562eb -> f5e416fd210f0e3b7204d6967aa91cec
  custom:scripting/monoscript/fileName/PlayerControl.cs: 35767442306776b55d0a8dc1f2ece5de -> 37be6770d409a56d763acbca35b2111e
  custom:video-decoder-ogg-theora: a1e56fd34408186e4bbccfd4996cb3dc -> 
  custom:framework-win-MediaFoundation: 216162199b28c13a410421893ffa2e32 -> 
  custom:scripting/monoscript/fileName/AddItem.cs: 88b9538b5b6053f8065b28e3e052dd17 -> 5ae8cfa916316992cb54da4755aec870
  custom:scripting/monoscript/fileName/Clue.cs: 3a502f2c8b86d059d6dc739bddf70bf4 -> 20548cc329e8b89c737a7dd76b57b8b8
  custom:scripting/monoscript/fileName/ClueEntry.cs: e7ebc5e0ce959a4f71bf65749afffa75 -> b2260e535a9955f0bea4455e315084fc
  custom:scripting/monoscript/fileName/BackpackSystem.cs: 4ae23a00372031e783adf5139ef1e751 -> 12cb92cd411b1c0edbe650f6d5209ca2
  custom:CustomObjectIndexerAttribute: 9a22284fe3817be447336de3de66b15e -> 
  custom:scripting/monoscript/fileName/DialogueInstigator.cs: 5e672cce5f5e5bdf9addcb52d04049cb -> a4e58817bb92d0099ad25ad1d5c8e151
  custom:container-demuxer-webm: 4f35f7cbe854078d1ac9338744f61a02 -> 
  custom:scripting/monoscript/fileName/RoomExit.cs: 44d4dab3b05ba66a29ff4587075c7db3 -> 8c452d2c4414a0f8cd7d88300cf3cc3d
  custom:scripting/monoscript/fileName/DialogueDataLoader.cs: 6a8f130c60cfb942000ad777f2897dd0 -> dccfb8b928804cec1f6591da707fb6a2
  custom:scripting/monoscript/fileName/CameraFollow.cs: ee50d67022e2e302b44cc5a64ba5c94e -> 5839d40085b81baf60816e02f57e0b62
  custom:container-muxer-webm: aa71ff27fc2769a1b78a27578f13a17b -> 
  custom:video-decoder-webm-vp8: 9c59270c3fd7afecdb556c50c9e8de78 -> 
  custom:SearchIndexIgnoredProperties: e643bd26f0fe6173181afceb89e7c659 -> 
  custom:AudioImporter_EditorPlatform: d09bf68614088b80899f8185d706f6e7 -> 
  custom:scripting/monoscript/fileName/DialogueSequencer.cs: 75ea42d26ae57a7bb818110942f1e82f -> 26a556796a2b97247767d61b77feffc3
  custom:scripting/monoscript/fileName/DialoguePanel.cs: 30416c91552fbd3410d387ae138dca78 -> bd6ed7a8f06bc6d15711f35438175637
  custom:scripting/monoscript/fileName/ClueData.cs: 702ae07969de8b256cfc27ee902bdf88 -> 6db020c033be7051ac9ccc8b9997fe0b
  custom:scripting/monoscript/fileName/DialogueSO.cs: 61cbba191a705105d8488fc974f89ef2 -> da567a244bc0d9fb8a7160c59f2cd23e
  custom:scripting/monoscript/fileName/DialogueNodeVisitor.cs: e36f88d79fd528a81dae676308ed207e -> c66e25ae2b9ac308df856a181c3d9167
  custom:scripting/monoscript/fileName/BasicDialogueNode.cs: d59ef4e4c8be30c85cf9958be1828cea -> 87ba04ccd7ad864fb1210d16608c5282
  custom:scripting/monoscript/fileName/GameUI.cs: d3e6a1e0d746034d2af2128f2bca19ba -> 6032e6b03b34488d04d3c6d78cf1ab05
  custom:scripting/monoscript/fileName/ItemButton.cs: 60409604e3a508da3f53601d78876209 -> 95b9784eb36dbec91cd1a814f47fdd6a
  custom:video-encoder-webm-vp8: eb34c28f22e8b96e1ab97ce403110664 -> 
  custom:audio-decoder-ogg-vorbis: bf7c407c2cedff20999df2af8eb42d56 -> 
  custom:scripting/monoscript/fileName/MenuManager.cs: d0956aa00254e4ec1793b578a7f93b90 -> b2f6d629ac060edd8a279cb11b0e4cab
  custom:scripting/monoscript/fileName/AudioSettingBoard.cs: 8f613758216a1c9b7c936f160a68aed7 -> c3d9a87dc83790ffa08396385cafd3c3
  custom:scripting/monoscript/fileName/RemoveItem.cs: cf9dcba1d2972932aa98a85da45575b2 -> 305fddd0964565bd73d7f549feea29ad
  custom:scripting/monoscript/fileName/ChangeConversation.cs: 2e9ce1fcd4d8234f47550f2c020e8015 -> c77ccf1cd92c2f4611561d81f6d9e57e
  custom:scripting/monoscript/fileName/Item.cs: e0f3a881bfbbb6102ad8a6037725727c -> 2e90e099e77020053d8d2435d2d908aa
  custom:scripting/monoscript/fileName/ItemSystem.cs: 1e2a12cddb0f6a15f61b942ec1550eec -> b87576413756e02f88601800c379f6b9
  custom:scripting/monoscript/fileName/ClueDetailPanel.cs: b259dbe8fea1a7b8382862b228c91677 -> eeb13d492b17a0844640d0dfddcff41d
  custom:scripting/monoscript/fileName/DialogueNode.cs: ba7e3875afd6d41a07cd0b3a39cd87e6 -> 07654e19dda6305f0aa6e9163dc030cf
  custom:audio-encoder-webm-vorbis: bf7c407c2cedff20999df2af8eb42d56 -> 
  custom:scripting/monoscript/fileName/test.cs: c9e3545cc27925df4578332d9df9bfc8 -> a53d5ee4e4f57c2de4a0fd15b1d3f987
========================================================================
Received Import Request.
  Time since last request: 11377.278761 seconds.
  path: Assets/Scripts/GameLogic/Item/ItemButton.cs
  artifactKey: Guid(bd7ab693c4d30014da8192ac12578e61) Importer(815301076,1909f56bfc062723c751e8b465ee728b)
Start importing Assets/Scripts/GameLogic/Item/ItemButton.cs using Guid(bd7ab693c4d30014da8192ac12578e61) Importer(815301076,1909f56bfc062723c751e8b465ee728b)  -> (artifact id: 'bf0306856bff2bb541fea597c5a97d65') in 0.001807 seconds
Number of updated asset objects reloaded before import = 0
Number of asset objects unloaded after import = 0
========================================================================
Received Prepare
Begin MonoManager ReloadAssembly
Symbol file LoadedFromMemory is not a mono symbol file
- Loaded All Assemblies, in  0.514 seconds
Refreshing native plugins compatible for Editor in 22.87 ms, found 2 plugins.
Native extension for WindowsStandalone target not found
[Package Manager] Server::EnsureServerProcessIsRunning -- launch failed, reason: Unity was launched with the -noUpm command-line argument
[Package Manager] UpmClient::Send -- Unable to send message (not connected to UPM process).
[Package Manager] Cannot connect to Unity Package Manager local server
Mono: successfully reloaded assembly
- Finished resetting the current domain, in  1.326 seconds
Domain Reload Profiling: 1828ms
	BeginReloadAssembly (158ms)
		ExecutionOrderSort (0ms)
		DisableScriptedObjects (4ms)
		BackupInstance (0ms)
		ReleaseScriptingObjects (0ms)
		CreateAndSetChildDomain (42ms)
	RebuildCommonClasses (21ms)
	RebuildNativeTypeToScriptingClass (7ms)
	initialDomainReloadingComplete (38ms)
	LoadAllAssembliesAndSetupDomain (278ms)
		LoadAssemblies (332ms)
		RebuildTransferFunctionScriptingTraits (0ms)
		AnalyzeDomain (22ms)
			TypeCache.Refresh (9ms)
				TypeCache.ScanAssembly (2ms)
			ScanForSourceGeneratedMonoScriptInfo (5ms)
			ResolveRequiredComponents (7ms)
	FinalizeReload (1327ms)
		ReleaseScriptCaches (0ms)
		RebuildScriptCaches (0ms)
		SetupLoadedEditorAssemblies (732ms)
			LogAssemblyErrors (0ms)
			InitializePlatformSupportModulesInManaged (4ms)
			SetLoadedEditorAssemblies (3ms)
			RefreshPlugins (0ms)
			BeforeProcessingInitializeOnLoad (71ms)
			ProcessInitializeOnLoadAttributes (464ms)
			ProcessInitializeOnLoadMethodAttributes (177ms)
			AfterProcessingInitializeOnLoad (13ms)
			EditorAssembliesLoaded (0ms)
		ExecutionOrderSort2 (0ms)
		AwakeInstancesAfterBackupRestoration (9ms)
Refreshing native plugins compatible for Editor in 20.61 ms, found 2 plugins.
Preloading 0 native plugins for Editor in 0.00 ms.
Unloading 4820 Unused Serialized files (Serialized files now loaded: 0)
Unloading 69 unused Assets / (46.0 KB). Loaded Objects now: 5378.
Memory consumption went from 181.4 MB to 181.3 MB.
Total: 12.646300 ms (FindLiveObjects: 0.291200 ms CreateObjectMapping: 0.070800 ms MarkObjects: 12.203400 ms  DeleteObjects: 0.079900 ms)

Prepare: number of updated asset objects reloaded= 0
AssetImportParameters requested are different than current active one (requested -> active):
  custom:scripting/monoscript/fileName/ChoiceDialogueNode.cs: f52b766c144dbe407ca72a77e9c1632c -> 5b7fcda2ac6abd07f60bac96d1d23cd1
  custom:scripting/monoscript/fileName/ClueSystem.cs: 7d23aaaa184220f4aeebff76435366db -> 5a242e43fdad44e0915b95230271e9e1
  custom:container-demuxer-ogg: 62fdf1f143b41e24485cea50d1cbac27 -> 
  custom:scripting/monoscript/fileName/GameManager.cs: f6182d712e34e20e3202214886862cdb -> 9933fbcc6190e2a9171c2ec8808a053e
  custom:scripting/monoscript/fileName/NarrationCharacter.cs: 745a66587baecbc52198b46e8a5c36df -> a7591c297e6996d23f4c1242cde7a84a
  custom:video-codec-MediaFoundation-h265: 746d11721c4dcdbdad8f713fa42b33f4 -> 
  custom:scripting/monoscript/fileName/AudioManager.cs: bdd35b94412b1b96e33eed1d1d4562eb -> f5e416fd210f0e3b7204d6967aa91cec
  custom:scripting/monoscript/fileName/PlayerControl.cs: 35767442306776b55d0a8dc1f2ece5de -> 37be6770d409a56d763acbca35b2111e
  custom:video-decoder-ogg-theora: a1e56fd34408186e4bbccfd4996cb3dc -> 
  custom:framework-win-MediaFoundation: 216162199b28c13a410421893ffa2e32 -> 
  custom:scripting/monoscript/fileName/AddItem.cs: 88b9538b5b6053f8065b28e3e052dd17 -> 5ae8cfa916316992cb54da4755aec870
  custom:scripting/monoscript/fileName/Clue.cs: d213e717b4983dc7fb8a4ffd79c88c50 -> 3a502f2c8b86d059d6dc739bddf70bf4
  custom:scripting/monoscript/fileName/ClueEntry.cs: 70aa86eb8073246cdad1ef4e300a108d -> e7ebc5e0ce959a4f71bf65749afffa75
  custom:scripting/monoscript/fileName/BackpackSystem.cs: 4ae23a00372031e783adf5139ef1e751 -> 12cb92cd411b1c0edbe650f6d5209ca2
  custom:CustomObjectIndexerAttribute: 9a22284fe3817be447336de3de66b15e -> 
  custom:scripting/monoscript/fileName/DialogueInstigator.cs: 5e672cce5f5e5bdf9addcb52d04049cb -> a4e58817bb92d0099ad25ad1d5c8e151
  custom:container-demuxer-webm: 4f35f7cbe854078d1ac9338744f61a02 -> 
  custom:scripting/monoscript/fileName/RoomExit.cs: 44d4dab3b05ba66a29ff4587075c7db3 -> 8c452d2c4414a0f8cd7d88300cf3cc3d
  custom:scripting/monoscript/fileName/DialogueDataLoader.cs: 6a8f130c60cfb942000ad777f2897dd0 -> dccfb8b928804cec1f6591da707fb6a2
  custom:scripting/monoscript/fileName/CameraFollow.cs: ee50d67022e2e302b44cc5a64ba5c94e -> 5839d40085b81baf60816e02f57e0b62
  custom:container-muxer-webm: aa71ff27fc2769a1b78a27578f13a17b -> 
  custom:video-decoder-webm-vp8: 9c59270c3fd7afecdb556c50c9e8de78 -> 
  custom:SearchIndexIgnoredProperties: e643bd26f0fe6173181afceb89e7c659 -> 
  custom:AudioImporter_EditorPlatform: d09bf68614088b80899f8185d706f6e7 -> 
  custom:scripting/monoscript/fileName/DialogueSequencer.cs: 75ea42d26ae57a7bb818110942f1e82f -> 26a556796a2b97247767d61b77feffc3
  custom:scripting/monoscript/fileName/DialoguePanel.cs: 30416c91552fbd3410d387ae138dca78 -> bd6ed7a8f06bc6d15711f35438175637
  custom:scripting/monoscript/fileName/ClueData.cs: fa0c163530db23dffe4dc367cc786470 -> 702ae07969de8b256cfc27ee902bdf88
  custom:scripting/monoscript/fileName/DialogueSO.cs: 61cbba191a705105d8488fc974f89ef2 -> da567a244bc0d9fb8a7160c59f2cd23e
  custom:scripting/monoscript/fileName/DialogueNodeVisitor.cs: e36f88d79fd528a81dae676308ed207e -> c66e25ae2b9ac308df856a181c3d9167
  custom:scripting/monoscript/fileName/BasicDialogueNode.cs: d59ef4e4c8be30c85cf9958be1828cea -> 87ba04ccd7ad864fb1210d16608c5282
  custom:scripting/monoscript/fileName/GameUI.cs: d3e6a1e0d746034d2af2128f2bca19ba -> 6032e6b03b34488d04d3c6d78cf1ab05
  custom:scripting/monoscript/fileName/ItemButton.cs: 60409604e3a508da3f53601d78876209 -> 95b9784eb36dbec91cd1a814f47fdd6a
  custom:video-encoder-webm-vp8: eb34c28f22e8b96e1ab97ce403110664 -> 
  custom:audio-decoder-ogg-vorbis: bf7c407c2cedff20999df2af8eb42d56 -> 
  custom:scripting/monoscript/fileName/MenuManager.cs: d0956aa00254e4ec1793b578a7f93b90 -> b2f6d629ac060edd8a279cb11b0e4cab
  custom:scripting/monoscript/fileName/AudioSettingBoard.cs: 8f613758216a1c9b7c936f160a68aed7 -> c3d9a87dc83790ffa08396385cafd3c3
  custom:scripting/monoscript/fileName/RemoveItem.cs: cf9dcba1d2972932aa98a85da45575b2 -> 305fddd0964565bd73d7f549feea29ad
  custom:scripting/monoscript/fileName/ChangeConversation.cs: 2e9ce1fcd4d8234f47550f2c020e8015 -> c77ccf1cd92c2f4611561d81f6d9e57e
  custom:scripting/monoscript/fileName/Item.cs: e0f3a881bfbbb6102ad8a6037725727c -> 2e90e099e77020053d8d2435d2d908aa
  custom:scripting/monoscript/fileName/ItemSystem.cs: 1e2a12cddb0f6a15f61b942ec1550eec -> b87576413756e02f88601800c379f6b9
  custom:scripting/monoscript/fileName/ClueDetailPanel.cs: b770d6390d5310c178f0e525be3159fd -> b259dbe8fea1a7b8382862b228c91677
  custom:scripting/monoscript/fileName/DialogueNode.cs: ba7e3875afd6d41a07cd0b3a39cd87e6 -> 07654e19dda6305f0aa6e9163dc030cf
  custom:audio-encoder-webm-vorbis: bf7c407c2cedff20999df2af8eb42d56 -> 
  custom:scripting/monoscript/fileName/test.cs: c9e3545cc27925df4578332d9df9bfc8 -> a53d5ee4e4f57c2de4a0fd15b1d3f987
